{"/home/locke/Desktop/projects/nodejs-package/src/half.js": {"path":"/home/locke/Desktop/projects/nodejs-package/src/half.js","statementMap":{"0":{"start":{"line":9,"column":17},"end":{"line":9,"column":24}},"1":{"start":{"line":10,"column":2},"end":{"line":10,"column":11}},"2":{"start":{"line":11,"column":2},"end":{"line":11,"column":16}}},"fnMap":{"0":{"name":"(anonymous_0)","decl":{"start":{"line":8,"column":15},"end":{"line":8,"column":16}},"loc":{"start":{"line":8,"column":24},"end":{"line":12,"column":1}},"line":8}},"branchMap":{},"s":{"0":1,"1":1,"2":1},"f":{"0":1},"b":{},"_coverageSchema":"1a1c01bbd47fc00a2c39e90264f33305004495a9","hash":"e75d101be908defa9d75ae3c8eff456823024e73"}
,"/home/locke/Desktop/projects/nodejs-package/src/index.js": {"path":"/home/locke/Desktop/projects/nodejs-package/src/index.js","statementMap":{},"fnMap":{},"branchMap":{},"s":{},"f":{},"b":{},"_coverageSchema":"1a1c01bbd47fc00a2c39e90264f33305004495a9","hash":"04efd12b61800aa994fda5ed416aa699ae59c439"}
}
